2023-06-09 02:49:18,599 - Dask-ML Model Accuracy: 0.6363636363636364
2023-06-09 02:49:18,600 - Dask-ML Model Log Loss: 13.106783050588056
2023-06-09 02:49:18,600 - Total time taken for Dask-ML model training: 0.6520559787750244 seconds
2023-06-09 02:52:44,608 - Dask-ML Model Accuracy: 0.6363636363636364
2023-06-09 02:52:44,609 - Dask-ML Model Log Loss: 13.106783050588056
2023-06-09 02:52:44,610 - Total time taken for Dask-ML model training: 0.30582332611083984 seconds
2023-06-09 02:56:15,411 - Dask-ML Model Accuracy: 0.42857142857142855
2023-06-09 02:56:15,412 - Dask-ML Model Log Loss: 20.596373365209804
2023-06-09 02:56:15,413 - Total time taken for Dask-ML model training: 0.2775838375091553 seconds
2023-06-09 02:57:24,874 - Dask-ML Model Accuracy: 0.6363636363636364
2023-06-09 02:57:24,875 - Dask-ML Model Log Loss: 13.106783050588056
2023-06-09 02:57:24,875 - Total time taken for Dask-ML model training: 0.30852818489074707 seconds
2023-06-09 03:00:23,071 - Dask-ML Model Accuracy: 0.6363636363636364
2023-06-09 03:00:23,072 - Dask-ML Model Log Loss: 13.106783050588056
2023-06-09 03:00:23,072 - Total time taken for Dask-ML model training: 0.28087806701660156 seconds
2023-07-04 14:48:16,783 - Dask-ML Model Train Accuracy: 0.30198019801980197
2023-07-04 14:48:16,784 - Dask-ML Model Train Log Loss: 25.15918380131444
2023-07-04 14:48:16,785 - Dask-ML Model Validation Accuracy: 0.265625
2023-07-04 14:48:16,786 - Dask-ML Model Validation Log Loss: 26.469557957632908
2023-07-04 14:48:16,786 - Dask-ML Model Test Accuracy: 0.28
2023-07-04 14:48:16,787 - Dask-ML Model Test Precision: 0.2602739726027397
2023-07-04 14:48:16,788 - Dask-ML Model Test Recall: 1.0
2023-07-04 14:48:16,788 - Dask-ML Model Test Log Loss: 25.951430440164348
2023-07-04 14:48:16,789 - Total time taken for Dask-ML model training: 1.1618220806121826 seconds
2023-07-04 16:38:58,668 - Validation Accuracy: 0.9375
2023-07-04 16:38:58,670 - Validation Log Loss: 1.2690252494677206
2023-07-04 16:38:58,670 - Test Accuracy: 0.9466666666666667
2023-07-04 16:38:58,671 - Test Precision: 0.8260869565217391
2023-07-04 16:38:58,672 - Test Recall: 1.0
2023-07-04 16:38:58,673 - Test Log Loss: 0.35851150867955917
2023-07-04 16:38:58,674 - Total time taken for PartialFit model training: 2.4685659408569336 seconds
2023-07-04 16:40:59,884 - Validation Accuracy: 0.921875
2023-07-04 16:40:59,884 - Validation Log Loss: 1.5995469754127476
2023-07-04 16:40:59,884 - Test Accuracy: 0.88
2023-07-04 16:40:59,885 - Test Precision: 0.7083333333333334
2023-07-04 16:40:59,885 - Test Recall: 0.8947368421052632
2023-07-04 16:40:59,886 - Test Log Loss: 0.6878195355100235
2023-07-04 16:40:59,886 - Total time taken for PartialFit model training: 2.3531301021575928 seconds
2023-07-04 16:42:11,484 - Validation Accuracy: 0.828125
2023-07-04 16:42:11,485 - Validation Log Loss: 2.3170757640097372
2023-07-04 16:42:11,485 - Test Accuracy: 0.8933333333333333
2023-07-04 16:42:11,486 - Test Precision: 0.7391304347826086
2023-07-04 16:42:11,486 - Test Recall: 0.8947368421052632
2023-07-04 16:42:11,487 - Test Log Loss: 1.386013098244942
2023-07-04 16:42:11,487 - Total time taken for PartialFit model training: 2.5824129581451416 seconds
2023-07-04 16:48:28,786 - Validation Accuracy: 0.828125
2023-07-04 16:48:28,805 - Validation Log Loss: 2.3170757640097372
2023-07-04 16:48:28,806 - Test Accuracy: 0.8933333333333333
2023-07-04 16:48:28,807 - Test Precision: 0.7391304347826086
2023-07-04 16:48:28,807 - Test Recall: 0.8947368421052632
2023-07-04 16:48:28,808 - Test Log Loss: 1.386013098244942
2023-07-04 16:48:28,808 - Total time taken for PartialFit model training: 2.452100992202759 seconds
2023-07-04 16:58:49,492 - Validation Accuracy: 0.828125
2023-07-04 16:58:49,493 - Validation Log Loss: 2.3170757640097372
2023-07-04 16:58:49,493 - Test Accuracy: 0.8933333333333333
2023-07-04 16:58:49,494 - Test Precision: 0.7391304347826086
2023-07-04 16:58:49,494 - Test Recall: 0.8947368421052632
2023-07-04 16:58:49,495 - Test Log Loss: 1.386013098244942
2023-07-04 16:58:49,495 - Total time taken for PartialFit model training: 2.5234479904174805 seconds
2023-07-04 16:58:49,496 - Total memory used for PartialFit model training: 367.12109375 MB
2023-07-04 17:00:23,022 - Validation Accuracy: 0.828125
2023-07-04 17:00:23,023 - Validation Log Loss: 2.3170757640097372
2023-07-04 17:00:23,024 - Test Accuracy: 0.8933333333333333
2023-07-04 17:00:23,024 - Test Precision: 0.7391304347826086
2023-07-04 17:00:23,024 - Test Recall: 0.8947368421052632
2023-07-04 17:00:23,025 - Test Log Loss: 1.386013098244942
2023-07-04 17:00:23,025 - Total time taken for PartialFit model training: 2.4998130798339844 seconds
2023-07-04 17:00:23,026 - Total memory used for PartialFit model training: 367.45703125 MB
2023-07-04 17:00:58,554 - Validation Accuracy: 0.828125
2023-07-04 17:00:58,555 - Validation Log Loss: 2.3170757640097372
2023-07-04 17:00:58,555 - Test Accuracy: 0.8933333333333333
2023-07-04 17:00:58,555 - Test Precision: 0.7391304347826086
2023-07-04 17:00:58,556 - Test Recall: 0.8947368421052632
2023-07-04 17:00:58,556 - Test Log Loss: 1.386013098244942
2023-07-04 17:00:58,557 - Total time taken for PartialFit model training: 2.4906461238861084 seconds
2023-07-04 17:00:58,558 - Total memory used for PartialFit model training: 367.671875 MB
